<?xml version="1.0" encoding="UTF-8"?>
<testng-results skipped="0" failed="0" ignored="0" total="1" passed="1">
  <reporter-output>
  </reporter-output>
  <suite name="Regression" duration-ms="34094" started-at="2020-10-16T13:24:29 CDT" finished-at="2020-10-16T13:25:03 CDT">
    <groups>
      <group name="cucumber">
        <method signature="AbstractTestNGCucumberTests.feature(cucumber.api.testng.CucumberFeatureWrapper)[pri:0, instance:com.testrunner.demo.TestRunner@6d7b4f4c]" name="feature" class="cucumber.api.testng.AbstractTestNGCucumberTests"/>
      </group> <!-- cucumber -->
    </groups>
    <test name="Test" duration-ms="34094" started-at="2020-10-16T13:24:29 CDT" finished-at="2020-10-16T13:25:03 CDT">
      <class name="com.testrunner.demo.TestRunner">
        <test-method status="PASS" signature="setUp()[pri:0, instance:com.testrunner.demo.TestRunner@6d7b4f4c]" name="setUp" is-config="true" duration-ms="7159" started-at="2020-10-16T13:24:29 CDT" finished-at="2020-10-16T13:24:36 CDT">
          <reporter-output>
          </reporter-output>
        </test-method> <!-- setUp -->
        <test-method status="PASS" signature="setUpClass()[pri:0, instance:com.testrunner.demo.TestRunner@6d7b4f4c]" name="setUpClass" is-config="true" duration-ms="296" started-at="2020-10-16T13:24:36 CDT" finished-at="2020-10-16T13:24:36 CDT">
          <reporter-output>
          </reporter-output>
        </test-method> <!-- setUpClass -->
        <test-method status="PASS" signature="feature(cucumber.api.testng.CucumberFeatureWrapper)[pri:0, instance:com.testrunner.demo.TestRunner@6d7b4f4c]" name="feature" duration-ms="25661" started-at="2020-10-16T13:24:37 CDT" description="Runs Cucumber Feature" data-provider="features" finished-at="2020-10-16T13:25:02 CDT">
          <params>
            <param index="0">
              <value>
                <![CDATA[Test Login functionality]]>
              </value>
            </param>
          </params>
          <reporter-output>
          </reporter-output>
        </test-method> <!-- feature -->
        <test-method status="PASS" signature="tearDownClass()[pri:0, instance:com.testrunner.demo.TestRunner@6d7b4f4c]" name="tearDownClass" is-config="true" duration-ms="18" started-at="2020-10-16T13:25:02 CDT" finished-at="2020-10-16T13:25:02 CDT">
          <reporter-output>
          </reporter-output>
        </test-method> <!-- tearDownClass -->
        <test-method status="PASS" signature="tearDown()[pri:0, instance:com.testrunner.demo.TestRunner@6d7b4f4c]" name="tearDown" is-config="true" duration-ms="788" started-at="2020-10-16T13:25:02 CDT" finished-at="2020-10-16T13:25:03 CDT">
          <reporter-output>
          </reporter-output>
        </test-method> <!-- tearDown -->
      </class> <!-- com.testrunner.demo.TestRunner -->
    </test> <!-- Test -->
  </suite> <!-- Regression -->
</testng-results>
